<?xml version="1.0" encoding="UTF-8"?>
<!-- Generated by org.testng.reporters.JUnitXMLReporter -->
<testsuite ignored="0" hostname="Lenov-AMD-Ryzen-5" failures="0" tests="4" name="ChromeTest" time="10.152" errors="0" timestamp="2022-03-03T13:09:30 IST">
  <testcase classname="shifts7.testclass2" name="@BeforeMethod loginIntoApplication" time="8.112">
    <failure type="java.lang.NoClassDefFoundError" message="org/apache/poi/ss/usermodel/WorkbookProvider">
      <![CDATA[java.lang.NoClassDefFoundError: org/apache/poi/ss/usermodel/WorkbookProvider
at java.base/java.lang.ClassLoader.defineClass1(Native Method)
at java.base/java.lang.ClassLoader.defineClass(ClassLoader.java:1012)
at java.base/java.security.SecureClassLoader.defineClass(SecureClassLoader.java:150)
at java.base/jdk.internal.loader.BuiltinClassLoader.defineClass(BuiltinClassLoader.java:862)
at java.base/jdk.internal.loader.BuiltinClassLoader.findClassOnClassPathOrNull(BuiltinClassLoader.java:760)
at java.base/jdk.internal.loader.BuiltinClassLoader.loadClassOrNull(BuiltinClassLoader.java:681)
at java.base/jdk.internal.loader.BuiltinClassLoader.loadClass(BuiltinClassLoader.java:639)
at java.base/jdk.internal.loader.ClassLoaders$AppClassLoader.loadClass(ClassLoaders.java:188)
at java.base/java.lang.ClassLoader.loadClass(ClassLoader.java:520)
at java.base/java.lang.Class.forName0(Native Method)
at java.base/java.lang.Class.forName(Class.java:467)
at org.apache.poi.ss.usermodel.WorkbookFactory.initFactory(WorkbookFactory.java:349)
at org.apache.poi.ss.usermodel.WorkbookFactory.initXssf(WorkbookFactory.java:336)
at org.apache.poi.ss.usermodel.WorkbookFactory.create(WorkbookFactory.java:255)
at org.apache.poi.ss.usermodel.WorkbookFactory.create(WorkbookFactory.java:221)
at Utils.Utility.getDatafromeExcel(Utility.java:21)
at shifts7.testclass2.loginIntoApplication(testclass2.java:51)
at java.base/java.util.ArrayList.forEach(ArrayList.java:1511)
Caused by: java.lang.ClassNotFoundException: org.apache.poi.ss.usermodel.WorkbookProvider
at java.base/jdk.internal.loader.BuiltinClassLoader.loadClass(BuiltinClassLoader.java:641)
at java.base/jdk.internal.loader.ClassLoaders$AppClassLoader.loadClass(ClassLoaders.java:188)
at java.base/java.lang.ClassLoader.loadClass(ClassLoader.java:520)
... 49 more
... Removed 31 stack frames]]>
    </failure>
  </testcase> <!-- @BeforeMethod loginIntoApplication -->
  <testcase classname="shifts7.testclass2" name="@AfterMethod LogOutFromApplication" time="-1.64629316994E9">
    <skipped/>
  </testcase> <!-- @AfterMethod LogOutFromApplication -->
  <testcase classname="shifts7.testclass2" name="@BeforeMethod loginIntoApplication" time="-1.646293169947E9">
    <skipped/>
  </testcase> <!-- @BeforeMethod loginIntoApplication -->
  <testcase classname="shifts7.testclass2" name="@AfterMethod LogOutFromApplication" time="-1.646293169954E9">
    <skipped/>
  </testcase> <!-- @AfterMethod LogOutFromApplication -->
  <testcase classname="shifts7.testclass2" name="@BeforeMethod loginIntoApplication" time="-1.646293169957E9">
    <skipped/>
  </testcase> <!-- @BeforeMethod loginIntoApplication -->
  <testcase classname="shifts7.testclass2" name="@AfterMethod LogOutFromApplication" time="-1.646293169967E9">
    <skipped/>
  </testcase> <!-- @AfterMethod LogOutFromApplication -->
  <testcase classname="shifts7.testclass2" name="@BeforeMethod loginIntoApplication" time="-1.64629316997E9">
    <skipped/>
  </testcase> <!-- @BeforeMethod loginIntoApplication -->
  <testcase classname="shifts7.testclass2" name="@AfterMethod LogOutFromApplication" time="-1.646293169979E9">
    <skipped/>
  </testcase> <!-- @AfterMethod LogOutFromApplication -->
  <testcase classname="shifts7.testclass2" name="@AfterClass QuittheBrowser" time="-1.646293169983E9">
    <skipped/>
  </testcase> <!-- @AfterClass QuittheBrowser -->
  <testcase classname="shifts7.testclass2" name="@AfterTest quitTheBrowser" time="-1.646293169986E9">
    <skipped/>
  </testcase> <!-- @AfterTest quitTheBrowser -->
  <testcase classname="shifts7.testclass2" name="verifytheDashBoard" time="0.0">
    <skipped/>
  </testcase> <!-- verifytheDashBoard -->
  <testcase classname="shifts7.testclass2" name="verifytheSchedule" time="0.0">
    <skipped/>
  </testcase> <!-- verifytheSchedule -->
  <testcase classname="shifts7.testclass2" name="verifytheLogBook" time="0.0">
    <skipped/>
  </testcase> <!-- verifytheLogBook -->
  <testcase classname="shifts7.testclass2" name="verifytheemployeetab" time="0.0">
    <skipped/>
  </testcase> <!-- verifytheemployeetab -->
</testsuite> <!-- ChromeTest -->
