<?xml version="1.0" encoding="UTF-8"?>
<!-- Generated by org.testng.reporters.JUnitXMLReporter -->
<testsuite ignored="0" hostname="Lenov-AMD-Ryzen-5" failures="0" tests="4" name="Default test" time="0.104" errors="0" timestamp="2022-03-03T13:08:59 IST">
  <testcase classname="shifts7.testclass2" name="@BeforeTest launchthebrowser" time="-1.646293139812E9">
    <failure type="org.testng.TestNGException" message="
Parameter &amp;apos;browser&amp;apos; is required by BeforeTest on method launchthebrowser but has not been marked @Optional or defined
in C:\Users\omkar wagh\AppData\Local\Temp\testng-eclipse--505047749\testng-customsuite.xml">
      <![CDATA[org.testng.TestNGException: 
Parameter 'browser' is required by BeforeTest on method launchthebrowser but has not been marked @Optional or defined
in C:\Users\omkar wagh\AppData\Local\Temp\testng-eclipse--505047749\testng-customsuite.xml
at org.testng.internal.Parameters.createParams(Parameters.java:270)
at org.testng.internal.Parameters.createParametersForMethod(Parameters.java:358)
at org.testng.internal.Parameters.createParameters(Parameters.java:700)
at org.testng.internal.Parameters.createConfigurationParameters(Parameters.java:168)
at org.testng.internal.ConfigInvoker.invokeConfigurations(ConfigInvoker.java:302)
at org.testng.TestRunner.invokeTestConfigurations(TestRunner.java:637)
at org.testng.TestRunner.beforeRun(TestRunner.java:627)
at org.testng.TestRunner.run(TestRunner.java:589)
at org.testng.SuiteRunner.runTest(SuiteRunner.java:377)
at org.testng.SuiteRunner.runSequentially(SuiteRunner.java:371)
at org.testng.SuiteRunner.privateRun(SuiteRunner.java:332)
at org.testng.SuiteRunner.run(SuiteRunner.java:276)
at org.testng.SuiteRunnerWorker.runSuite(SuiteRunnerWorker.java:53)
at org.testng.SuiteRunnerWorker.run(SuiteRunnerWorker.java:96)
at org.testng.TestNG.runSuitesSequentially(TestNG.java:1212)
at org.testng.TestNG.runSuitesLocally(TestNG.java:1134)
at org.testng.TestNG.runSuites(TestNG.java:1063)
at org.testng.TestNG.run(TestNG.java:1031)
at org.testng.remote.AbstractRemoteTestNG.run(AbstractRemoteTestNG.java:115)
at org.testng.remote.RemoteTestNG.initAndRun(RemoteTestNG.java:251)
at org.testng.remote.RemoteTestNG.main(RemoteTestNG.java:77)
]]>
    </failure>
  </testcase> <!-- @BeforeTest launchthebrowser -->
  <testcase classname="shifts7.testclass2" name="@BeforeClass launchBrowser" time="-1.646293139853E9">
    <skipped/>
  </testcase> <!-- @BeforeClass launchBrowser -->
  <testcase classname="shifts7.testclass2" name="@BeforeMethod loginIntoApplication" time="-1.646293139869E9">
    <skipped/>
  </testcase> <!-- @BeforeMethod loginIntoApplication -->
  <testcase classname="shifts7.testclass2" name="@AfterMethod LogOutFromApplication" time="-1.646293139876E9">
    <skipped/>
  </testcase> <!-- @AfterMethod LogOutFromApplication -->
  <testcase classname="shifts7.testclass2" name="@BeforeMethod loginIntoApplication" time="-1.646293139881E9">
    <skipped/>
  </testcase> <!-- @BeforeMethod loginIntoApplication -->
  <testcase classname="shifts7.testclass2" name="@AfterMethod LogOutFromApplication" time="-1.646293139888E9">
    <skipped/>
  </testcase> <!-- @AfterMethod LogOutFromApplication -->
  <testcase classname="shifts7.testclass2" name="@BeforeMethod loginIntoApplication" time="-1.64629313989E9">
    <skipped/>
  </testcase> <!-- @BeforeMethod loginIntoApplication -->
  <testcase classname="shifts7.testclass2" name="@AfterMethod LogOutFromApplication" time="-1.646293139897E9">
    <skipped/>
  </testcase> <!-- @AfterMethod LogOutFromApplication -->
  <testcase classname="shifts7.testclass2" name="@BeforeMethod loginIntoApplication" time="-1.646293139899E9">
    <skipped/>
  </testcase> <!-- @BeforeMethod loginIntoApplication -->
  <testcase classname="shifts7.testclass2" name="@AfterMethod LogOutFromApplication" time="-1.646293139903E9">
    <skipped/>
  </testcase> <!-- @AfterMethod LogOutFromApplication -->
  <testcase classname="shifts7.testclass2" name="@AfterClass QuittheBrowser" time="-1.646293139905E9">
    <skipped/>
  </testcase> <!-- @AfterClass QuittheBrowser -->
  <testcase classname="shifts7.testclass2" name="@AfterTest quitTheBrowser" time="-1.646293139907E9">
    <skipped/>
  </testcase> <!-- @AfterTest quitTheBrowser -->
  <testcase classname="shifts7.testclass2" name="verifytheDashBoard" time="0.0">
    <skipped/>
  </testcase> <!-- verifytheDashBoard -->
  <testcase classname="shifts7.testclass2" name="verifytheSchedule" time="0.0">
    <skipped/>
  </testcase> <!-- verifytheSchedule -->
  <testcase classname="shifts7.testclass2" name="verifytheLogBook" time="0.0">
    <skipped/>
  </testcase> <!-- verifytheLogBook -->
  <testcase classname="shifts7.testclass2" name="verifytheemployeetab" time="0.0">
    <skipped/>
  </testcase> <!-- verifytheemployeetab -->
</testsuite> <!-- Default test -->
